2023-10-13 15:15:41.555  INFO 13284 --- [restartedMain] t.j.m.MicroserviceCartoesApplication     : Starting MicroserviceCartoesApplication using Java 17.0.5 on DESKTOP-G7AI2FE with PID 13284 (C:\projetos\microservicos-spring\microservice-cartoes\target\classes started by neo in C:\projetos\microservicos-spring\microservice-cartoes)
2023-10-13 15:15:41.557  INFO 13284 --- [restartedMain] t.j.m.MicroserviceCartoesApplication     : No active profile set, falling back to 1 default profile: "default"
2023-10-13 15:15:41.656  INFO 13284 --- [restartedMain] .e.DevToolsPropertyDefaultsPostProcessor : Devtools property defaults active! Set 'spring.devtools.add-properties' to 'false' to disable
2023-10-13 15:15:41.656  INFO 13284 --- [restartedMain] .e.DevToolsPropertyDefaultsPostProcessor : For additional web related logging consider setting the 'logging.level.web' property to 'DEBUG'
2023-10-13 15:15:43.268  INFO 13284 --- [restartedMain] .s.d.r.c.RepositoryConfigurationDelegate : Bootstrapping Spring Data JPA repositories in DEFAULT mode.
2023-10-13 15:15:43.514  INFO 13284 --- [restartedMain] .s.d.r.c.RepositoryConfigurationDelegate : Finished Spring Data repository scanning in 229 ms. Found 2 JPA repository interfaces.
2023-10-13 15:15:43.928  INFO 13284 --- [restartedMain] o.s.cloud.context.scope.GenericScope     : BeanFactory id=c0a6f296-6352-37e9-b1a9-3e52a6c40e8e
2023-10-13 15:15:44.915  INFO 13284 --- [restartedMain] o.s.b.w.embedded.tomcat.TomcatWebServer  : Tomcat initialized with port(s): 0 (http)
2023-10-13 15:15:44.932  INFO 13284 --- [restartedMain] o.apache.catalina.core.StandardService   : Starting service [Tomcat]
2023-10-13 15:15:44.932  INFO 13284 --- [restartedMain] org.apache.catalina.core.StandardEngine  : Starting Servlet engine: [Apache Tomcat/9.0.58]
2023-10-13 15:15:45.136  INFO 13284 --- [restartedMain] o.a.c.c.C.[Tomcat].[localhost].[/]       : Initializing Spring embedded WebApplicationContext
2023-10-13 15:15:45.136  INFO 13284 --- [restartedMain] w.s.c.ServletWebServerApplicationContext : Root WebApplicationContext: initialization completed in 3478 ms
2023-10-13 15:15:45.344  INFO 13284 --- [restartedMain] com.zaxxer.hikari.HikariDataSource       : HikariPool-1 - Starting...
2023-10-13 15:15:45.592  INFO 13284 --- [restartedMain] com.zaxxer.hikari.HikariDataSource       : HikariPool-1 - Start completed.
2023-10-13 15:15:45.607  INFO 13284 --- [restartedMain] o.s.b.a.h2.H2ConsoleAutoConfiguration    : H2 console available at '/h2-console'. Database available at 'jdbc:h2:mem:c8baa8a1-3686-47a2-b82a-7f7f3670b47e'
2023-10-13 15:15:45.946  INFO 13284 --- [restartedMain] o.hibernate.jpa.internal.util.LogHelper  : HHH000204: Processing PersistenceUnitInfo [name: default]
2023-10-13 15:15:46.047  INFO 13284 --- [restartedMain] org.hibernate.Version                    : HHH000412: Hibernate ORM core version 5.6.5.Final
2023-10-13 15:15:46.282  INFO 13284 --- [restartedMain] o.hibernate.annotations.common.Version   : HCANN000001: Hibernate Commons Annotations {5.1.2.Final}
2023-10-13 15:15:46.496  INFO 13284 --- [restartedMain] org.hibernate.dialect.Dialect            : HHH000400: Using dialect: org.hibernate.dialect.H2Dialect
2023-10-13 15:15:47.385  INFO 13284 --- [restartedMain] o.h.e.t.j.p.i.JtaPlatformInitiator       : HHH000490: Using JtaPlatform implementation: [org.hibernate.engine.transaction.jta.platform.internal.NoJtaPlatform]
2023-10-13 15:15:47.396  INFO 13284 --- [restartedMain] j.LocalContainerEntityManagerFactoryBean : Initialized JPA EntityManagerFactory for persistence unit 'default'
2023-10-13 15:15:48.114  WARN 13284 --- [restartedMain] JpaBaseConfiguration$JpaWebConfiguration : spring.jpa.open-in-view is enabled by default. Therefore, database queries may be performed during view rendering. Explicitly configure spring.jpa.open-in-view to disable this warning
2023-10-13 15:15:51.006  INFO 13284 --- [restartedMain] o.s.b.d.a.OptionalLiveReloadServer       : LiveReload server is running on port 35729
2023-10-13 15:15:51.087  INFO 13284 --- [restartedMain] DiscoveryClientOptionalArgsConfiguration : Eureka HTTP Client uses RestTemplate.
2023-10-13 15:15:51.224  WARN 13284 --- [restartedMain] iguration$LoadBalancerCaffeineWarnLogger : Spring Cloud LoadBalancer is currently working with the default cache. While this cache implementation is useful for development and tests, it's recommended to use Caffeine cache in production.You can switch to using Caffeine cache, by adding it and org.springframework.cache.caffeine.CaffeineCacheManager to the classpath.
2023-10-13 15:15:51.231  INFO 13284 --- [restartedMain] o.s.b.a.e.web.EndpointLinksResolver      : Exposing 17 endpoint(s) beneath base path '/actuator'
2023-10-13 15:15:51.345  INFO 13284 --- [restartedMain] o.s.b.w.embedded.tomcat.TomcatWebServer  : Tomcat started on port(s): 60770 (http) with context path ''
2023-10-13 15:15:51.347  INFO 13284 --- [restartedMain] .s.c.n.e.s.EurekaAutoServiceRegistration : Updating port to 60770
2023-10-13 15:15:51.353  INFO 13284 --- [restartedMain] o.s.c.n.eureka.InstanceInfoFactory       : Setting initial instance status as: STARTING
2023-10-13 15:15:51.497  INFO 13284 --- [restartedMain] com.netflix.discovery.DiscoveryClient    : Initializing Eureka in region us-east-1
2023-10-13 15:15:51.504  INFO 13284 --- [restartedMain] c.n.d.s.r.aws.ConfigClusterResolver      : Resolving eureka endpoints via configuration
2023-10-13 15:15:51.536  INFO 13284 --- [restartedMain] com.netflix.discovery.DiscoveryClient    : Disable delta property : false
2023-10-13 15:15:51.537  INFO 13284 --- [restartedMain] com.netflix.discovery.DiscoveryClient    : Single vip registry refresh property : null
2023-10-13 15:15:51.537  INFO 13284 --- [restartedMain] com.netflix.discovery.DiscoveryClient    : Force full registry fetch : false
2023-10-13 15:15:51.537  INFO 13284 --- [restartedMain] com.netflix.discovery.DiscoveryClient    : Application is null : false
2023-10-13 15:15:51.537  INFO 13284 --- [restartedMain] com.netflix.discovery.DiscoveryClient    : Registered Applications size is zero : true
2023-10-13 15:15:51.537  INFO 13284 --- [restartedMain] com.netflix.discovery.DiscoveryClient    : Application version is -1: true
2023-10-13 15:15:51.537  INFO 13284 --- [restartedMain] com.netflix.discovery.DiscoveryClient    : Getting all instance registry info from the eureka server
2023-10-13 15:15:52.065  INFO 13284 --- [restartedMain] com.netflix.discovery.DiscoveryClient    : The response status is 200
2023-10-13 15:15:52.068  INFO 13284 --- [restartedMain] com.netflix.discovery.DiscoveryClient    : Starting heartbeat executor: renew interval is: 30
2023-10-13 15:15:52.072  INFO 13284 --- [restartedMain] c.n.discovery.InstanceInfoReplicator     : InstanceInfoReplicator onDemand update allowed rate per min is 4
2023-10-13 15:15:52.079  INFO 13284 --- [restartedMain] com.netflix.discovery.DiscoveryClient    : Discovery Client initialized at timestamp 1697220952078 with initial instances count: 5
2023-10-13 15:15:52.082  INFO 13284 --- [restartedMain] o.s.c.n.e.s.EurekaServiceRegistry        : Registering application MICROSERVICE-CARTOES with eureka with status UP
2023-10-13 15:15:52.083  INFO 13284 --- [restartedMain] com.netflix.discovery.DiscoveryClient    : Saw local status change event StatusChangeEvent [timestamp=1697220952083, current=UP, previous=STARTING]
2023-10-13 15:15:52.086  INFO 13284 --- [DiscoveryClient-InstanceInfoReplicator-0] com.netflix.discovery.DiscoveryClient    : DiscoveryClient_MICROSERVICE-CARTOES/microservice-cartoes:81c64b51dacdd9bafcc3a5145d2fe481: registering service...
2023-10-13 15:15:52.158  INFO 13284 --- [restartedMain] o.s.a.r.c.CachingConnectionFactory       : Attempting to connect to: [localhost:5672]
2023-10-13 15:15:52.240  INFO 13284 --- [restartedMain] o.s.a.r.c.CachingConnectionFactory       : Created new connection: rabbitConnectionFactory#210debe1:0/SimpleConnection@4592cb3a [delegate=amqp://guest@127.0.0.1:5672/, localPort= 60773]
2023-10-13 15:15:52.252  INFO 13284 --- [DiscoveryClient-InstanceInfoReplicator-0] com.netflix.discovery.DiscoveryClient    : DiscoveryClient_MICROSERVICE-CARTOES/microservice-cartoes:81c64b51dacdd9bafcc3a5145d2fe481 - registration status: 204
2023-10-13 15:15:52.326  INFO 13284 --- [restartedMain] t.j.m.MicroserviceCartoesApplication     : Started MicroserviceCartoesApplication in 11.56 seconds (JVM running for 12.39)
2023-10-13 15:20:51.551  INFO 13284 --- [AsyncResolver-bootstrap-executor-0] c.n.d.s.r.aws.ConfigClusterResolver      : Resolving eureka endpoints via configuration
2023-10-13 15:25:51.554  INFO 13284 --- [AsyncResolver-bootstrap-executor-0] c.n.d.s.r.aws.ConfigClusterResolver      : Resolving eureka endpoints via configuration
2023-10-13 15:28:00.239  INFO 13284 --- [SpringApplicationShutdownHook] o.s.c.n.e.s.EurekaServiceRegistry        : Unregistering application MICROSERVICE-CARTOES with eureka with status DOWN
2023-10-13 15:28:00.240  INFO 13284 --- [SpringApplicationShutdownHook] com.netflix.discovery.DiscoveryClient    : Saw local status change event StatusChangeEvent [timestamp=1697221680240, current=DOWN, previous=UP]
2023-10-13 15:28:00.240  INFO 13284 --- [DiscoveryClient-InstanceInfoReplicator-0] com.netflix.discovery.DiscoveryClient    : DiscoveryClient_MICROSERVICE-CARTOES/microservice-cartoes:81c64b51dacdd9bafcc3a5145d2fe481: registering service...
2023-10-13 15:28:00.253  INFO 13284 --- [DiscoveryClient-InstanceInfoReplicator-0] com.netflix.discovery.DiscoveryClient    : DiscoveryClient_MICROSERVICE-CARTOES/microservice-cartoes:81c64b51dacdd9bafcc3a5145d2fe481 - registration status: 204
2023-10-13 15:28:00.262  INFO 13284 --- [SpringApplicationShutdownHook] o.s.a.r.l.SimpleMessageListenerContainer : Waiting for workers to finish.
2023-10-13 15:28:01.184  INFO 13284 --- [SpringApplicationShutdownHook] o.s.a.r.l.SimpleMessageListenerContainer : Successfully waited for workers to finish.
2023-10-13 15:28:01.232  INFO 13284 --- [SpringApplicationShutdownHook] j.LocalContainerEntityManagerFactoryBean : Closing JPA EntityManagerFactory for persistence unit 'default'
2023-10-13 15:28:01.233  INFO 13284 --- [SpringApplicationShutdownHook] .SchemaDropperImpl$DelayedDropActionImpl : HHH000477: Starting delayed evictData of schema as part of SessionFactory shut-down'
2023-10-13 15:28:01.479  WARN 13284 --- [SpringApplicationShutdownHook] o.s.b.f.support.DisposableBeanAdapter    : Invocation of destroy method failed on bean with name 'inMemoryDatabaseShutdownExecutor': org.h2.jdbc.JdbcSQLNonTransientConnectionException: Database is already closed (to disable automatic closing at VM shutdown, add ";DB_CLOSE_ON_EXIT=FALSE" to the db URL) [90121-200]
2023-10-13 15:28:01.481  INFO 13284 --- [SpringApplicationShutdownHook] com.zaxxer.hikari.HikariDataSource       : HikariPool-1 - Shutdown initiated...
2023-10-13 15:28:01.485  INFO 13284 --- [SpringApplicationShutdownHook] com.zaxxer.hikari.HikariDataSource       : HikariPool-1 - Shutdown completed.
2023-10-13 15:28:01.487  INFO 13284 --- [SpringApplicationShutdownHook] com.netflix.discovery.DiscoveryClient    : Shutting down DiscoveryClient ...
2023-10-13 15:28:04.495  INFO 13284 --- [SpringApplicationShutdownHook] com.netflix.discovery.DiscoveryClient    : Unregistering ...
2023-10-13 15:28:04.501  INFO 13284 --- [SpringApplicationShutdownHook] com.netflix.discovery.DiscoveryClient    : DiscoveryClient_MICROSERVICE-CARTOES/microservice-cartoes:81c64b51dacdd9bafcc3a5145d2fe481 - deregister  status: 200
2023-10-13 15:28:04.512  INFO 13284 --- [SpringApplicationShutdownHook] com.netflix.discovery.DiscoveryClient    : Completed shut down of DiscoveryClient
