2023-10-13 15:17:30.508  INFO 20020 --- [restartedMain] .MicroservicoAvaliadorCreditoApplication : Starting MicroservicoAvaliadorCreditoApplication using Java 17.0.5 on DESKTOP-G7AI2FE with PID 20020 (C:\projetos\microservicos-spring\microservico-avaliador-credito\target\classes started by neo in C:\projetos\microservicos-spring\microservico-avaliador-credito)
2023-10-13 15:17:30.510  INFO 20020 --- [restartedMain] .MicroservicoAvaliadorCreditoApplication : No active profile set, falling back to 1 default profile: "default"
2023-10-13 15:17:30.602  INFO 20020 --- [restartedMain] .e.DevToolsPropertyDefaultsPostProcessor : Devtools property defaults active! Set 'spring.devtools.add-properties' to 'false' to disable
2023-10-13 15:17:30.602  INFO 20020 --- [restartedMain] .e.DevToolsPropertyDefaultsPostProcessor : For additional web related logging consider setting the 'logging.level.web' property to 'DEBUG'
2023-10-13 15:17:32.598  INFO 20020 --- [restartedMain] o.s.cloud.context.scope.GenericScope     : BeanFactory id=07223320-0004-3549-a1d0-dfda49eed325
2023-10-13 15:17:33.461  INFO 20020 --- [restartedMain] o.s.b.w.embedded.tomcat.TomcatWebServer  : Tomcat initialized with port(s): 0 (http)
2023-10-13 15:17:33.478  INFO 20020 --- [restartedMain] o.apache.catalina.core.StandardService   : Starting service [Tomcat]
2023-10-13 15:17:33.479  INFO 20020 --- [restartedMain] org.apache.catalina.core.StandardEngine  : Starting Servlet engine: [Apache Tomcat/9.0.58]
2023-10-13 15:17:33.641  INFO 20020 --- [restartedMain] o.a.c.c.C.[Tomcat].[localhost].[/]       : Initializing Spring embedded WebApplicationContext
2023-10-13 15:17:33.641  INFO 20020 --- [restartedMain] w.s.c.ServletWebServerApplicationContext : Root WebApplicationContext: initialization completed in 3038 ms
2023-10-13 15:17:34.510  WARN 20020 --- [restartedMain] o.s.b.d.a.OptionalLiveReloadServer       : Unable to start LiveReload server
2023-10-13 15:17:34.594  INFO 20020 --- [restartedMain] o.s.c.openfeign.FeignClientFactoryBean   : For 'microservico-client' URL not provided. Will try picking an instance via load-balancing.
2023-10-13 15:17:34.701  INFO 20020 --- [restartedMain] o.s.c.openfeign.FeignClientFactoryBean   : For 'microservice-cartoes' URL not provided. Will try picking an instance via load-balancing.
2023-10-13 15:17:36.426  INFO 20020 --- [restartedMain] DiscoveryClientOptionalArgsConfiguration : Eureka HTTP Client uses RestTemplate.
2023-10-13 15:17:36.494  WARN 20020 --- [restartedMain] iguration$LoadBalancerCaffeineWarnLogger : Spring Cloud LoadBalancer is currently working with the default cache. While this cache implementation is useful for development and tests, it's recommended to use Caffeine cache in production.You can switch to using Caffeine cache, by adding it and org.springframework.cache.caffeine.CaffeineCacheManager to the classpath.
2023-10-13 15:17:36.506  INFO 20020 --- [restartedMain] o.s.b.a.e.web.EndpointLinksResolver      : Exposing 17 endpoint(s) beneath base path '/actuator'
2023-10-13 15:17:36.582  INFO 20020 --- [restartedMain] o.s.b.w.embedded.tomcat.TomcatWebServer  : Tomcat started on port(s): 60805 (http) with context path ''
2023-10-13 15:17:36.582  INFO 20020 --- [restartedMain] .s.c.n.e.s.EurekaAutoServiceRegistration : Updating port to 60805
2023-10-13 15:17:36.591  INFO 20020 --- [restartedMain] o.s.c.n.eureka.InstanceInfoFactory       : Setting initial instance status as: STARTING
2023-10-13 15:17:36.696  INFO 20020 --- [restartedMain] com.netflix.discovery.DiscoveryClient    : Initializing Eureka in region us-east-1
2023-10-13 15:17:36.706  INFO 20020 --- [restartedMain] c.n.d.s.r.aws.ConfigClusterResolver      : Resolving eureka endpoints via configuration
2023-10-13 15:17:36.738  INFO 20020 --- [restartedMain] com.netflix.discovery.DiscoveryClient    : Disable delta property : false
2023-10-13 15:17:36.738  INFO 20020 --- [restartedMain] com.netflix.discovery.DiscoveryClient    : Single vip registry refresh property : null
2023-10-13 15:17:36.738  INFO 20020 --- [restartedMain] com.netflix.discovery.DiscoveryClient    : Force full registry fetch : false
2023-10-13 15:17:36.739  INFO 20020 --- [restartedMain] com.netflix.discovery.DiscoveryClient    : Application is null : false
2023-10-13 15:17:36.739  INFO 20020 --- [restartedMain] com.netflix.discovery.DiscoveryClient    : Registered Applications size is zero : true
2023-10-13 15:17:36.739  INFO 20020 --- [restartedMain] com.netflix.discovery.DiscoveryClient    : Application version is -1: true
2023-10-13 15:17:36.739  INFO 20020 --- [restartedMain] com.netflix.discovery.DiscoveryClient    : Getting all instance registry info from the eureka server
2023-10-13 15:17:37.257  INFO 20020 --- [restartedMain] com.netflix.discovery.DiscoveryClient    : The response status is 200
2023-10-13 15:17:37.266  INFO 20020 --- [restartedMain] com.netflix.discovery.DiscoveryClient    : Starting heartbeat executor: renew interval is: 30
2023-10-13 15:17:37.272  INFO 20020 --- [restartedMain] c.n.discovery.InstanceInfoReplicator     : InstanceInfoReplicator onDemand update allowed rate per min is 4
2023-10-13 15:17:37.279  INFO 20020 --- [restartedMain] com.netflix.discovery.DiscoveryClient    : Discovery Client initialized at timestamp 1697221057278 with initial instances count: 5
2023-10-13 15:17:37.281  INFO 20020 --- [restartedMain] o.s.c.n.e.s.EurekaServiceRegistry        : Registering application MICROSERVICE-AVALIADOR-CREDITO with eureka with status UP
2023-10-13 15:17:37.282  INFO 20020 --- [restartedMain] com.netflix.discovery.DiscoveryClient    : Saw local status change event StatusChangeEvent [timestamp=1697221057282, current=UP, previous=STARTING]
2023-10-13 15:17:37.286  INFO 20020 --- [DiscoveryClient-InstanceInfoReplicator-0] com.netflix.discovery.DiscoveryClient    : DiscoveryClient_MICROSERVICE-AVALIADOR-CREDITO/microservice-avaliador-credito:18499e3141b17bdc07274e0b719fe043: registering service...
2023-10-13 15:17:37.367  INFO 20020 --- [restartedMain] .MicroservicoAvaliadorCreditoApplication : Started MicroservicoAvaliadorCreditoApplication in 7.658 seconds (JVM running for 8.819)
2023-10-13 15:17:37.452  INFO 20020 --- [DiscoveryClient-InstanceInfoReplicator-0] com.netflix.discovery.DiscoveryClient    : DiscoveryClient_MICROSERVICE-AVALIADOR-CREDITO/microservice-avaliador-credito:18499e3141b17bdc07274e0b719fe043 - registration status: 204
2023-10-13 15:22:36.752  INFO 20020 --- [AsyncResolver-bootstrap-executor-0] c.n.d.s.r.aws.ConfigClusterResolver      : Resolving eureka endpoints via configuration
2023-10-13 15:27:36.764  INFO 20020 --- [AsyncResolver-bootstrap-executor-0] c.n.d.s.r.aws.ConfigClusterResolver      : Resolving eureka endpoints via configuration
2023-10-13 15:28:15.176  INFO 20020 --- [SpringApplicationShutdownHook] o.s.c.n.e.s.EurekaServiceRegistry        : Unregistering application MICROSERVICE-AVALIADOR-CREDITO with eureka with status DOWN
2023-10-13 15:28:15.177  INFO 20020 --- [SpringApplicationShutdownHook] com.netflix.discovery.DiscoveryClient    : Saw local status change event StatusChangeEvent [timestamp=1697221695177, current=DOWN, previous=UP]
2023-10-13 15:28:15.177  INFO 20020 --- [DiscoveryClient-InstanceInfoReplicator-0] com.netflix.discovery.DiscoveryClient    : DiscoveryClient_MICROSERVICE-AVALIADOR-CREDITO/microservice-avaliador-credito:18499e3141b17bdc07274e0b719fe043: registering service...
2023-10-13 15:28:15.183  INFO 20020 --- [DiscoveryClient-InstanceInfoReplicator-0] com.netflix.discovery.DiscoveryClient    : DiscoveryClient_MICROSERVICE-AVALIADOR-CREDITO/microservice-avaliador-credito:18499e3141b17bdc07274e0b719fe043 - registration status: 204
2023-10-13 15:28:15.220  INFO 20020 --- [SpringApplicationShutdownHook] com.netflix.discovery.DiscoveryClient    : Shutting down DiscoveryClient ...
2023-10-13 15:28:18.229  INFO 20020 --- [SpringApplicationShutdownHook] com.netflix.discovery.DiscoveryClient    : Unregistering ...
2023-10-13 15:28:18.237  INFO 20020 --- [SpringApplicationShutdownHook] com.netflix.discovery.DiscoveryClient    : DiscoveryClient_MICROSERVICE-AVALIADOR-CREDITO/microservice-avaliador-credito:18499e3141b17bdc07274e0b719fe043 - deregister  status: 200
2023-10-13 15:28:18.249  INFO 20020 --- [SpringApplicationShutdownHook] com.netflix.discovery.DiscoveryClient    : Completed shut down of DiscoveryClient
